
Starting Unicycler (2025-03-27 15:45:42)
----------------------------------------
    Welcome to Unicycler, an assembly pipeline for bacterial genomes. Since you provided only long reads, Unicycler will assemble the reads with miniasm and then run repeated polishing rounds using Racon.
    For more information, please see https://github.com/rrwick/Unicycler

Command: /home/shuri/miniconda3/bin/unicycler -l /mnt/d/Documentos/Sequences/Nanopore/Fastplong_trimming_Q10/31_S31_trimmed.fastq -o /mnt/d/Documentos/Sequences/Nanopore/Unicycler_assembly_Q10/31_S31 --mode normal

Unicycler version: v0.5.1
Using 8 threads

The output directory already exists:
  /mnt/d/Documentos/Sequences/Nanopore/Unicycler_assembly_Q10/31_S31

Dependencies:
  Program       Version   Status  
  spades.py               not used
  racon         1.5.0     good    
  makeblastdb   2.5.0+    good    
  tblastn       2.5.0+    good    


Loading reads (2025-03-27 15:45:42)
-----------------------------------
25,507 / 25,507 (100.0%) - 109,578,658 bp


Assembling contigs and long reads with miniasm (2025-03-27 15:45:53)
--------------------------------------------------------------------
Saving to /mnt/d/Documentos/Sequences/Nanopore/Unicycler_assembly_Q10/31_S31/miniasm_assembly/01_assembly_reads.fastq:
  25,507 long reads

Finding overlaps with minimap... 
success
  16,536,366 overlaps

Assembling reads with miniasm... 
success
  35 segments, 32 links

Saving /mnt/d/Documentos/Sequences/Nanopore/Unicycler_assembly_Q10/31_S31/miniasm_assembly/11_branching_paths_removed.gfa
Merging segments into unitigs:
  3 linear unitigs
  total size = 64,486 bp
Saving /mnt/d/Documentos/Sequences/Nanopore/Unicycler_assembly_Q10/31_S31/miniasm_assembly/12_unitig_graph.gfa
Saving /mnt/d/Documentos/Sequences/Nanopore/Unicycler_assembly_Q10/31_S31/002_unitig_graph.gfa


Polishing miniasm assembly with Racon (2025-03-27 15:49:17)
-----------------------------------------------------------
    Unicycler now uses Racon to polish the miniasm assembly. It does multiple rounds of polishing to get the best consensus. Circular unitigs are rotated between rounds such that all parts (including the ends) are polished well.

Saving to /mnt/d/Documentos/Sequences/Nanopore/Unicycler_assembly_Q10/31_S31/miniasm_assembly/racon_polish/polishing_reads.fastq:
  25,507 long reads

Polish       Assembly          Mapping
round            size          quality
begin          64,486           295.76
1              64,032           317.94
2              64,120           319.12
3              63,793           319.43

Best polish: /mnt/d/Documentos/Sequences/Nanopore/Unicycler_assembly_Q10/31_S31/miniasm_assembly/racon_polish/016_rotated.fasta
Saving /mnt/d/Documentos/Sequences/Nanopore/Unicycler_assembly_Q10/31_S31/miniasm_assembly/13_racon_polished.gfa
Saving /mnt/d/Documentos/Sequences/Nanopore/Unicycler_assembly_Q10/31_S31/003_racon_polished.gfa


Assembly complete (2025-03-27 15:49:46)
---------------------------------------
Saving /mnt/d/Documentos/Sequences/Nanopore/Unicycler_assembly_Q10/31_S31/assembly.gfa

