
Starting Unicycler (2025-03-27 15:33:15)
----------------------------------------
    Welcome to Unicycler, an assembly pipeline for bacterial genomes. Since you provided only long reads, Unicycler will assemble the reads with miniasm and then run repeated polishing rounds using Racon.
    For more information, please see https://github.com/rrwick/Unicycler

Command: /home/shuri/miniconda3/bin/unicycler -l /mnt/d/Documentos/Sequences/Nanopore/Fastplong_trimming_Q10/24_S24_trimmed.fastq -o /mnt/d/Documentos/Sequences/Nanopore/Unicycler_assembly_Q10/24_S24 --mode normal

Unicycler version: v0.5.1
Using 8 threads

The output directory already exists:
  /mnt/d/Documentos/Sequences/Nanopore/Unicycler_assembly_Q10/24_S24

Dependencies:
  Program       Version   Status  
  spades.py               not used
  racon         1.5.0     good    
  makeblastdb   2.5.0+    good    
  tblastn       2.5.0+    good    


Loading reads (2025-03-27 15:33:15)
-----------------------------------
28,347 / 28,347 (100.0%) - 96,634,266 bp


Assembling contigs and long reads with miniasm (2025-03-27 15:33:26)
--------------------------------------------------------------------
Saving to /mnt/d/Documentos/Sequences/Nanopore/Unicycler_assembly_Q10/24_S24/miniasm_assembly/01_assembly_reads.fastq:
  28,347 long reads

Finding overlaps with minimap... 
success
  579,243 overlaps

Assembling reads with miniasm... 
success
  483 segments, 437 links

Saving /mnt/d/Documentos/Sequences/Nanopore/Unicycler_assembly_Q10/24_S24/miniasm_assembly/11_branching_paths_removed.gfa
Merging segments into unitigs:
  2 circular unitigs
  46 linear unitigs
  total size = 611,947 bp
Saving /mnt/d/Documentos/Sequences/Nanopore/Unicycler_assembly_Q10/24_S24/miniasm_assembly/12_unitig_graph.gfa
Saving /mnt/d/Documentos/Sequences/Nanopore/Unicycler_assembly_Q10/24_S24/002_unitig_graph.gfa


Polishing miniasm assembly with Racon (2025-03-27 15:34:06)
-----------------------------------------------------------
    Unicycler now uses Racon to polish the miniasm assembly. It does multiple rounds of polishing to get the best consensus. Circular unitigs are rotated between rounds such that all parts (including the ends) are polished well.

Saving to /mnt/d/Documentos/Sequences/Nanopore/Unicycler_assembly_Q10/24_S24/miniasm_assembly/racon_polish/polishing_reads.fastq:
  28,347 long reads

Polish       Assembly          Mapping
round            size          quality
begin         611,947         4,814.63
1             610,082         5,161.58
2             608,606         5,153.58
3             608,878         5,189.03

Best polish: /mnt/d/Documentos/Sequences/Nanopore/Unicycler_assembly_Q10/24_S24/miniasm_assembly/racon_polish/016_rotated.fasta
Saving /mnt/d/Documentos/Sequences/Nanopore/Unicycler_assembly_Q10/24_S24/miniasm_assembly/13_racon_polished.gfa
Saving /mnt/d/Documentos/Sequences/Nanopore/Unicycler_assembly_Q10/24_S24/003_racon_polished.gfa


Rotating completed replicons (2025-03-27 15:35:05)
--------------------------------------------------
    Any completed circular contigs (i.e. single contigs which have one link connecting end to start) can have their start position changed without altering the sequence. For consistency, Unicycler now searches for a starting gene (dnaA or repA) in each such contig, and if one is found, the contig is rotated to start with that gene on the forward strand.

Segment   Length   Depth   Starting gene     Position   Strand    Identity   Coverage
      1   41,837   4.11x   UniRef90_U4M4D7     28,824   forward     100.0%     100.0%
     48    2,475   1.92x   none found                                                

Saving /mnt/d/Documentos/Sequences/Nanopore/Unicycler_assembly_Q10/24_S24/004_rotated.gfa


Assembly complete (2025-03-27 15:35:46)
---------------------------------------
Saving /mnt/d/Documentos/Sequences/Nanopore/Unicycler_assembly_Q10/24_S24/assembly.gfa

