Building DAG of jobs...
Using shell: /usr/bin/bash
Provided cores: 8
Rules claiming more threads will be scaled down.
Job stats:
job                       count
----------------------  -------
nanoplot_quality_check        1
total                         1

Select jobs to execute...

[Fri Mar 21 11:36:48 2025]
rule nanoplot_quality_check:
    input: /mnt/d/Documentos/Sequences/Nanopore/Raw_data
    output: /mnt/d/Documentos/Sequences/Nanopore/NanoPlot_reports
    jobid: 0
    reason: Missing output files: /mnt/d/Documentos/Sequences/Nanopore/NanoPlot_reports
    resources: tmpdir=/tmp

[Fri Mar 21 11:37:18 2025]
Finished job 0.
1 of 1 steps (100%) done
Complete log: .snakemake/log/2025-03-21T113647.768744.snakemake.log
