Building DAG of jobs...
Using shell: /usr/bin/bash
Provided cores: 8
Rules claiming more threads will be scaled down.
Job stats:
job                     count
--------------------  -------
fastqc_quality_check        1
total                       1

Select jobs to execute...

[Fri Mar 21 10:50:56 2025]
rule fastqc_quality_check:
    input: /mnt/d/Documentos/Sequences/Nanopore/Raw_data
    output: /mnt/d/Documentos/Sequences/Nanopore/FastQC_reports
    jobid: 0
    reason: Missing output files: /mnt/d/Documentos/Sequences/Nanopore/FastQC_reports
    resources: tmpdir=/tmp

[Fri Mar 21 10:51:11 2025]
Finished job 0.
1 of 1 steps (100%) done
Complete log: .snakemake/log/2025-03-21T105055.786112.snakemake.log
