Building DAG of jobs...
Using shell: /usr/bin/bash
Provided cores: 8
Rules claiming more threads will be scaled down.
Job stats:
job                       count
----------------------  -------
nanoplot_quality_check        1
total                         1

Select jobs to execute...

[Tue Mar 25 10:14:37 2025]
rule nanoplot_quality_check:
    input: /mnt/d/Documentos/Sequences/Nanopore/Raw_data
    output: /mnt/d/Documentos/Sequences/Nanopore/NanoPlot_reports
    jobid: 0
    reason: Updated input files: /mnt/d/Documentos/Sequences/Nanopore/Raw_data
    resources: tmpdir=/tmp

[Tue Mar 25 10:27:53 2025]
Finished job 0.
1 of 1 steps (100%) done
Complete log: .snakemake/log/2025-03-25T101436.004547.snakemake.log
