Building DAG of jobs...
Using shell: /usr/bin/bash
Provided cores: 8
Rules claiming more threads will be scaled down.
Job stats:
job                     count
--------------------  -------
unicycler_assemblies        1
total                       1

Select jobs to execute...

[Tue Mar 25 12:25:32 2025]
rule unicycler_assemblies:
    input: /mnt/d/Documentos/Sequences/Nanopore/Fastplong_trimming
    output: /mnt/d/Documentos/Sequences/Nanopore/Unicycler_assembly
    jobid: 1
    reason: Forced execution
    resources: tmpdir=/tmp

Terminating processes on user request, this might take some time.
[Tue Mar 25 12:25:58 2025]
Error in rule unicycler_assemblies:
    jobid: 1
    input: /mnt/d/Documentos/Sequences/Nanopore/Fastplong_trimming
    output: /mnt/d/Documentos/Sequences/Nanopore/Unicycler_assembly
    shell:
        bash run_unicycler_N.sh /mnt/d/Documentos/Sequences/Nanopore/Fastplong_trimming /mnt/d/Documentos/Sequences/Nanopore/Unicycler_assembly
        (one of the commands exited with non-zero exit code; note that snakemake uses bash strict mode!)

Complete log: .snakemake/log/2025-03-25T122530.298107.snakemake.log
