Building DAG of jobs...
Using shell: /usr/bin/bash
Provided cores: 8
Rules claiming more threads will be scaled down.
Job stats:
job                   count
------------------  -------
fastplong_trimming        1
total                     1

Select jobs to execute...

[Fri Mar 14 15:44:06 2025]
rule fastplong_trimming:
    input: /mnt/d/Documentos/Sequences/Nanopore/Raw_data
    output: /mnt/d/Documentos/Sequences/Nanopore/Fastplong_trimming
    jobid: 0
    reason: Missing output files: /mnt/d/Documentos/Sequences/Nanopore/Fastplong_trimming
    resources: tmpdir=/tmp

[Fri Mar 14 15:44:06 2025]
Error in rule fastplong_trimming:
    jobid: 0
    input: /mnt/d/Documentos/Sequences/Nanopore/Raw_data
    output: /mnt/d/Documentos/Sequences/Nanopore/Fastplong_trimming
    shell:
        bash run_fastplong.sh /mnt/d/Documentos/Sequences/Nanopore/Raw_data /mnt/d/Documentos/Sequences/Nanopore/Fastplong_trimming
        (one of the commands exited with non-zero exit code; note that snakemake uses bash strict mode!)

Removing output files of failed job fastplong_trimming since they might be corrupted:
/mnt/d/Documentos/Sequences/Nanopore/Fastplong_trimming
Shutting down, this might take some time.
Exiting because a job execution failed. Look above for error message
Complete log: .snakemake/log/2025-03-14T154405.800770.snakemake.log
