Building DAG of jobs...
Using shell: /usr/bin/bash
Provided cores: 8
Rules claiming more threads will be scaled down.
Job stats:
job                     count
--------------------  -------
unicycler_assemblies        1
total                       1

Select jobs to execute...

[Fri Mar 14 15:52:52 2025]
rule unicycler_assemblies:
    input: /mnt/d/Documentos/Sequences/Nanopore/Fastplong_trimming
    output: /mnt/d/Documentos/Sequences/Nanopore/Unicycler_assembly
    jobid: 0
    reason: Forced execution
    resources: tmpdir=/tmp

[Fri Mar 14 15:53:11 2025]
Error in rule unicycler_assemblies:
    jobid: 0
    input: /mnt/d/Documentos/Sequences/Nanopore/Fastplong_trimming
    output: /mnt/d/Documentos/Sequences/Nanopore/Unicycler_assembly
    shell:
        bash run_unicycler_N.sh /mnt/d/Documentos/Sequences/Nanopore/Fastplong_trimming /mnt/d/Documentos/Sequences/Nanopore/Unicycler_assembly
        (one of the commands exited with non-zero exit code; note that snakemake uses bash strict mode!)

Removing output files of failed job unicycler_assemblies since they might be corrupted:
/mnt/d/Documentos/Sequences/Nanopore/Unicycler_assembly
Shutting down, this might take some time.
Exiting because a job execution failed. Look above for error message
Complete log: .snakemake/log/2025-03-14T155251.971919.snakemake.log
