Building DAG of jobs...
Using shell: /usr/bin/bash
Provided cores: 8
Rules claiming more threads will be scaled down.
Job stats:
job                     count
--------------------  -------
unicycler_assemblies        1
total                       1

Select jobs to execute...

[Fri Mar 14 15:59:21 2025]
rule unicycler_assemblies:
    input: /mnt/d/Documentos/Sequences/Nanopore/Fastplong_trimming
    output: /mnt/d/Documentos/Sequences/Nanopore/Unicycler_assembly
    jobid: 1
    reason: Forced execution
    resources: tmpdir=/tmp

[Fri Mar 14 16:00:21 2025]
Finished job 1.
1 of 1 steps (100%) done
Complete log: .snakemake/log/2025-03-14T155920.729768.snakemake.log
