Building DAG of jobs...
Using shell: /usr/bin/bash
Provided cores: 8
Rules claiming more threads will be scaled down.
Job stats:
job                   count
------------------  -------
fastplong_trimming        1
total                     1

Select jobs to execute...

[Fri Mar 14 15:45:24 2025]
rule fastplong_trimming:
    input: /mnt/d/Documentos/Sequences/Nanopore/Raw_data
    output: /mnt/d/Documentos/Sequences/Nanopore/Fastplong_trimming
    jobid: 0
    reason: Missing output files: /mnt/d/Documentos/Sequences/Nanopore/Fastplong_trimming
    resources: tmpdir=/tmp

[Fri Mar 14 15:45:32 2025]
Finished job 0.
1 of 1 steps (100%) done
Complete log: .snakemake/log/2025-03-14T154524.576223.snakemake.log
