Building DAG of jobs...
Using shell: /usr/bin/bash
Provided cores: 8
Rules claiming more threads will be scaled down.
Job stats:
job                   count
------------------  -------
fastplong_trimming        1
total                     1

Select jobs to execute...

[Tue Mar 25 10:28:56 2025]
rule fastplong_trimming:
    input: /mnt/d/Documentos/Sequences/Nanopore/Raw_data
    output: /mnt/d/Documentos/Sequences/Nanopore/Fastplong_trimming
    jobid: 0
    reason: Forced execution
    resources: tmpdir=/tmp

[Tue Mar 25 10:32:20 2025]
Finished job 0.
1 of 1 steps (100%) done
Complete log: .snakemake/log/2025-03-25T102855.537099.snakemake.log
