
Starting Unicycler (2025-03-27 15:49:46)
----------------------------------------
    Welcome to Unicycler, an assembly pipeline for bacterial genomes. Since you provided only long reads, Unicycler will assemble the reads with miniasm and then run repeated polishing rounds using Racon.
    For more information, please see https://github.com/rrwick/Unicycler

Command: /home/shuri/miniconda3/bin/unicycler -l /mnt/d/Documentos/Sequences/Nanopore/Fastplong_trimming_Q10/44_S44_trimmed.fastq -o /mnt/d/Documentos/Sequences/Nanopore/Unicycler_assembly_Q10/44_S44 --mode normal

Unicycler version: v0.5.1
Using 8 threads

The output directory already exists:
  /mnt/d/Documentos/Sequences/Nanopore/Unicycler_assembly_Q10/44_S44

Dependencies:
  Program       Version   Status  
  spades.py               not used
  racon         1.5.0     good    
  makeblastdb   2.5.0+    good    
  tblastn       2.5.0+    good    


Loading reads (2025-03-27 15:49:46)
-----------------------------------
194,201 / 194,201 (100.0%) - 722,640,433 bp


Assembling contigs and long reads with miniasm (2025-03-27 15:51:10)
--------------------------------------------------------------------
Saving to /mnt/d/Documentos/Sequences/Nanopore/Unicycler_assembly_Q10/44_S44/miniasm_assembly/01_assembly_reads.fastq:
  194,201 long reads

Finding overlaps with minimap... 
