Building DAG of jobs...
Using shell: /usr/bin/bash
Provided cores: 4
Rules claiming more threads will be scaled down.
Job stats:
job               count
--------------  -------
fastp_trimming        1
total                 1

Select jobs to execute...

[Thu Mar 13 12:44:19 2025]
rule fastp_trimming:
    input: /mnt/d/Documentos/Sequences/Illumina/Raw_data
    output: /mnt/d/Documentos/Sequences/Illumina/Fastp_trimming
    jobid: 0
    reason: Missing output files: /mnt/d/Documentos/Sequences/Illumina/Fastp_trimming
    resources: tmpdir=/tmp

[Thu Mar 13 12:47:17 2025]
Error in rule fastp_trimming:
    jobid: 0
    input: /mnt/d/Documentos/Sequences/Illumina/Raw_data
    output: /mnt/d/Documentos/Sequences/Illumina/Fastp_trimming
    shell:
        bash run_fastp.sh /mnt/d/Documentos/Sequences/Illumina/Raw_data /mnt/d/Documentos/Sequences/Illumina/Fastp_trimming
        (one of the commands exited with non-zero exit code; note that snakemake uses bash strict mode!)

Removing output files of failed job fastp_trimming since they might be corrupted:
/mnt/d/Documentos/Sequences/Illumina/Fastp_trimming
Shutting down, this might take some time.
Exiting because a job execution failed. Look above for error message
Complete log: .snakemake/log/2025-03-13T124419.358170.snakemake.log
