Building DAG of jobs...
Using shell: /usr/bin/bash
Provided cores: 4
Rules claiming more threads will be scaled down.
Job stats:
job                     count
--------------------  -------
unicycler_assemblies        1
total                       1

Select jobs to execute...

[Thu Mar 13 14:46:41 2025]
rule unicycler_assemblies:
    input: /mnt/d/Documentos/Sequences/Illumina/Fastp_trimming
    output: /mnt/d/Documentos/Sequences/Illumina/Unicycler_assemblies
    jobid: 0
    reason: Forced execution
    resources: tmpdir=/tmp

[Thu Mar 13 14:46:42 2025]
Error in rule unicycler_assemblies:
    jobid: 0
    input: /mnt/d/Documentos/Sequences/Illumina/Fastp_trimming
    output: /mnt/d/Documentos/Sequences/Illumina/Unicycler_assemblies
    shell:
        bash run_unicycler.sh /mnt/d/Documentos/Sequences/Illumina/Fastp_trimming /mnt/d/Documentos/Sequences/Illumina/Unicycler_assemblies
        (one of the commands exited with non-zero exit code; note that snakemake uses bash strict mode!)

Removing output files of failed job unicycler_assemblies since they might be corrupted:
/mnt/d/Documentos/Sequences/Illumina/Unicycler_assemblies
Shutting down, this might take some time.
Exiting because a job execution failed. Look above for error message
Complete log: .snakemake/log/2025-03-13T144641.202394.snakemake.log
