Building DAG of jobs...
Using shell: /usr/bin/bash
Provided cores: 4
Rules claiming more threads will be scaled down.
Job stats:
job                     count
--------------------  -------
unicycler_assemblies        1
total                       1

Select jobs to execute...

[Thu Mar 13 14:50:45 2025]
rule unicycler_assemblies:
    input: /mnt/d/Documentos/Sequences/Illumina/Fastp_trimming
    output: /mnt/d/Documentos/Sequences/Illumina/Unicycler_assemblies
    jobid: 0
    reason: Forced execution
    resources: tmpdir=/tmp

Terminating processes on user request, this might take some time.
[Thu Mar 13 14:57:13 2025]
Error in rule unicycler_assemblies:
    jobid: 0
    input: /mnt/d/Documentos/Sequences/Illumina/Fastp_trimming
    output: /mnt/d/Documentos/Sequences/Illumina/Unicycler_assemblies
    shell:
        bash run_unicycler.sh /mnt/d/Documentos/Sequences/Illumina/Fastp_trimming /mnt/d/Documentos/Sequences/Illumina/Unicycler_assemblies
        (one of the commands exited with non-zero exit code; note that snakemake uses bash strict mode!)

Complete log: .snakemake/log/2025-03-13T145045.083140.snakemake.log
