Building DAG of jobs...
Using shell: /usr/bin/bash
Provided cores: 4
Rules claiming more threads will be scaled down.
Job stats:
job                     count
--------------------  -------
unicycler_assemblies        1
total                       1

Select jobs to execute...

[Thu Mar 13 15:30:57 2025]
rule unicycler_assemblies:
    input: /mnt/d/Documentos/Sequences/Illumina/Fastp_trimming
    output: /mnt/d/Documentos/Sequences/Illumina/Unicycler_assemblies/2_S2/assembly.fasta
    jobid: 1
    reason: Forced execution
    resources: tmpdir=/tmp

Terminating processes on user request, this might take some time.
[Thu Mar 13 15:33:13 2025]
Error in rule unicycler_assemblies:
    jobid: 1
    input: /mnt/d/Documentos/Sequences/Illumina/Fastp_trimming
    output: /mnt/d/Documentos/Sequences/Illumina/Unicycler_assemblies/2_S2/assembly.fasta
    shell:
        bash run_unicycler.sh /mnt/d/Documentos/Sequences/Illumina/Fastp_trimming /mnt/d/Documentos/Sequences/Illumina/Unicycler_assemblies/2_S2/assembly.fasta
        (one of the commands exited with non-zero exit code; note that snakemake uses bash strict mode!)

Complete log: .snakemake/log/2025-03-13T153056.784707.snakemake.log
