Building DAG of jobs...
Using shell: /usr/bin/bash
Provided cores: 4
Rules claiming more threads will be scaled down.
Job stats:
job               count
--------------  -------
fastp_trimming        1
total                 1

Select jobs to execute...

[Wed Mar 12 14:25:01 2025]
rule fastp_trimming:
    input: /mnt/d/Documentos/Sequences/Illumina/Raw_data
    output: /mnt/d/Documentos/Sequences/Illumina/Fastp_trimming
    jobid: 0
    reason: Missing output files: /mnt/d/Documentos/Sequences/Illumina/Fastp_trimming
    resources: tmpdir=/tmp

[Wed Mar 12 14:25:01 2025]
Error in rule fastp_trimming:
    jobid: 0
    input: /mnt/d/Documentos/Sequences/Illumina/Raw_data
    output: /mnt/d/Documentos/Sequences/Illumina/Fastp_trimming

RuleException:
CalledProcessError in file /home/shuri/TFM/Illumina_scripts/Snakefile, line 7:
Command 'set -euo pipefail;  bash /home/shuri/TFM/Illumina_scripts/.snakemake/scripts/tmpczm0sfrx.run_fastp.sh' returned non-zero exit status 255.
  File "/home/shuri/TFM/Illumina_scripts/Snakefile", line 7, in __rule_fastp_trimming
  File "/home/shuri/miniconda3/lib/python3.10/concurrent/futures/thread.py", line 58, in run
Shutting down, this might take some time.
Exiting because a job execution failed. Look above for error message
Complete log: .snakemake/log/2025-03-12T142500.519113.snakemake.log
