Building DAG of jobs...
Using shell: /usr/bin/bash
Provided cores: 4
Rules claiming more threads will be scaled down.
Job stats:
job               count
--------------  -------
fastp_trimming        1
total                 1

Select jobs to execute...

[Wed Mar 12 14:31:04 2025]
rule fastp_trimming:
    input: /mnt/d/Documentos/Sequences/Illumina/Raw_data
    output: /mnt/d/Documentos/Sequences/Illumina/Fastp_trimming
    jobid: 0
    reason: Missing output files: /mnt/d/Documentos/Sequences/Illumina/Fastp_trimming
    resources: tmpdir=/tmp

ImproperOutputException in rule fastp_trimming in file /home/shuri/TFM/Illumina_scripts/Snakefile, line 1:
Outputs of incorrect type (directories when expecting files or vice versa). Output directories must be flagged with directory(). for rule fastp_trimming:
    output: /mnt/d/Documentos/Sequences/Illumina/Fastp_trimming
    affected files:
        /mnt/d/Documentos/Sequences/Illumina/Fastp_trimming
Removing output files of failed job fastp_trimming since they might be corrupted:
/mnt/d/Documentos/Sequences/Illumina/Fastp_trimming
Skipped removing non-empty directory /mnt/d/Documentos/Sequences/Illumina/Fastp_trimming
Shutting down, this might take some time.
Exiting because a job execution failed. Look above for error message
Complete log: .snakemake/log/2025-03-12T143103.926131.snakemake.log
