Building DAG of jobs...
Using shell: /usr/bin/bash
Provided cores: 4
Rules claiming more threads will be scaled down.
Job stats:
job               count
--------------  -------
fastp_trimming        1
total                 1

Select jobs to execute...

[Wed Mar 12 14:29:22 2025]
rule fastp_trimming:
    input: /mnt/d/Documentos/Sequences/Illumina/Raw_data
    output: /mnt/d/Documentos/Sequences/Illumina/Fastp_trimming
    jobid: 0
    reason: Missing output files: /mnt/d/Documentos/Sequences/Illumina/Fastp_trimming
    resources: tmpdir=/tmp

RuleException in rule fastp_trimming in file /home/shuri/TFM/Illumina_scripts/Snakefile, line 1:
AttributeError: 'InputFiles' object has no attribute 'raw', when formatting the following:
bash {params.script} {input.raw} {output.trimmed}
