Building DAG of jobs...
Using shell: /usr/bin/bash
Provided cores: 8
Rules claiming more threads will be scaled down.
Job stats:
job                     count
--------------------  -------
fastqc_quality_check        1
total                       1

Select jobs to execute...

[Fri Mar 21 10:17:16 2025]
rule fastqc_quality_check:
    input: /mnt/d/Documentos/Sequences/Illumina/Raw_data
    output: /mnt/d/Documentos/Sequences/Illumina/FastQC_reports
    jobid: 0
    reason: Missing output files: /mnt/d/Documentos/Sequences/Illumina/FastQC_reports
    resources: tmpdir=/tmp

[Fri Mar 21 10:22:43 2025]
Finished job 0.
1 of 1 steps (100%) done
Complete log: .snakemake/log/2025-03-21T101715.565212.snakemake.log
