Building DAG of jobs...
Using shell: /usr/bin/bash
Provided cores: 8
Rules claiming more threads will be scaled down.
Job stats:
job                     count
--------------------  -------
unicycler_assemblies        1
total                       1

Select jobs to execute...

[Tue Mar 25 13:33:27 2025]
rule unicycler_assemblies:
    input: /mnt/d/Documentos/Sequences/Illumina/Fastp_trimming
    output: /mnt/d/Documentos/Sequences/Illumina/Unicycler_assemblies
    jobid: 0
    reason: Forced execution
    resources: tmpdir=/tmp

[Tue Mar 25 17:35:52 2025]
Finished job 0.
1 of 1 steps (100%) done
Complete log: .snakemake/log/2025-03-25T133325.201208.snakemake.log
