Building DAG of jobs...
Using shell: /usr/bin/bash
Provided cores: 4
Rules claiming more threads will be scaled down.
Job stats:
job               count
--------------  -------
fastp_trimming        1
total                 1

Select jobs to execute...

[Thu Mar 13 14:28:43 2025]
rule fastp_trimming:
    input: /mnt/d/Documentos/Sequences/Illumina/Raw_data
    output: /mnt/d/Documentos/Sequences/Illumina/Fastp_trimming
    jobid: 0
    reason: Missing output files: /mnt/d/Documentos/Sequences/Illumina/Fastp_trimming
    resources: tmpdir=/tmp

[Thu Mar 13 14:31:42 2025]
Finished job 0.
1 of 1 steps (100%) done
Complete log: .snakemake/log/2025-03-13T142842.722474.snakemake.log
