
Starting Unicycler (2025-03-27 14:51:10)
----------------------------------------
    Welcome to Unicycler, an assembly pipeline for bacterial genomes. Since you provided only long reads, Unicycler will assemble the reads with miniasm and then run repeated polishing rounds using Racon.
    For more information, please see https://github.com/rrwick/Unicycler

Command: /home/shuri/miniconda3/bin/unicycler -l /mnt/d/Documentos/Sequences/Nanopore/Fastplong_trimming/25_S25_trimmed.fastq -o /mnt/d/Documentos/Sequences/Nanopore/Unicycler_assembly/25_S25 --mode normal

Unicycler version: v0.5.1
Using 8 threads

The output directory already exists:
  /mnt/d/Documentos/Sequences/Nanopore/Unicycler_assembly/25_S25

Dependencies:
  Program       Version   Status  
  spades.py               not used
  racon         1.5.0     good    
  makeblastdb   2.5.0+    good    
  tblastn       2.5.0+    good    


Loading reads (2025-03-27 14:51:11)
-----------------------------------
4,965 / 4,965 (100.0%) - 7,942,203 bp


Assembling contigs and long reads with miniasm (2025-03-27 14:51:12)
--------------------------------------------------------------------
Saving to /mnt/d/Documentos/Sequences/Nanopore/Unicycler_assembly/25_S25/miniasm_assembly/01_assembly_reads.fastq:
  4,965 long reads

Finding overlaps with minimap... 
success
  2,123,571 overlaps

Assembling reads with miniasm... 
success
  5 segments, 4 links

Saving /mnt/d/Documentos/Sequences/Nanopore/Unicycler_assembly/25_S25/miniasm_assembly/11_branching_paths_removed.gfa
Merging segments into unitigs:
  1 linear unitig
  total size = 14,867 bp
Saving /mnt/d/Documentos/Sequences/Nanopore/Unicycler_assembly/25_S25/miniasm_assembly/12_unitig_graph.gfa
Saving /mnt/d/Documentos/Sequences/Nanopore/Unicycler_assembly/25_S25/002_unitig_graph.gfa


Polishing miniasm assembly with Racon (2025-03-27 14:51:35)
-----------------------------------------------------------
    Unicycler now uses Racon to polish the miniasm assembly. It does multiple rounds of polishing to get the best consensus. Circular unitigs are rotated between rounds such that all parts (including the ends) are polished well.

Saving to /mnt/d/Documentos/Sequences/Nanopore/Unicycler_assembly/25_S25/miniasm_assembly/racon_polish/polishing_reads.fastq:
  4,965 long reads

Polish       Assembly          Mapping
round            size          quality
begin          14,867         4,014.21
1              14,921         4,396.19
2              14,922         4,396.57
3              14,924         4,396.14

Best polish: /mnt/d/Documentos/Sequences/Nanopore/Unicycler_assembly/25_S25/miniasm_assembly/racon_polish/011_rotated.fasta
Saving /mnt/d/Documentos/Sequences/Nanopore/Unicycler_assembly/25_S25/miniasm_assembly/13_racon_polished.gfa
Saving /mnt/d/Documentos/Sequences/Nanopore/Unicycler_assembly/25_S25/003_racon_polished.gfa


Assembly complete (2025-03-27 14:51:59)
---------------------------------------
Saving /mnt/d/Documentos/Sequences/Nanopore/Unicycler_assembly/25_S25/assembly.gfa

